2024-05-19 21:36:20,966 - INFO - New customer created - Name: vgxfdg
2024-05-19 21:54:13,721 - INFO - New customer created - Name: fgf
2024-05-19 21:54:46,891 - INFO - New customer created - Name: fgfgfg
2024-05-19 21:54:53,304 - INFO - Document uploaded for customer fgfgfg: fgfg
2024-05-19 21:54:54,518 - INFO - Document uploaded for customer fgfgfg: fgfg
2024-05-19 21:54:55,699 - INFO - Document uploaded for customer fgfgfg: fgfgf
2024-05-19 21:54:57,771 - INFO - Document uploaded for customer fgfgfg: 
2024-05-19 21:54:58,905 - INFO - Document uploaded for customer fgfgfg: fgfg
2024-05-19 21:54:59,902 - INFO - Document uploaded for customer fgfgfg: fgfg
2024-05-19 21:55:01,251 - INFO - Document uploaded for customer fgfgfg: fgfgf
2024-05-19 21:55:02,436 - INFO - Document uploaded for customer fgfgfg: fgfgf
2024-05-19 21:55:05,723 - INFO - Document uploaded for customer fgfgfg: fgfg
2024-05-19 21:55:07,213 - INFO - Document uploaded for customer fgfgfg: fgfgf
2024-05-19 21:56:26,656 - INFO - New customer created - Name: fgfg
2024-05-19 21:57:02,386 - INFO - New customer created - Name: dfdf
2024-05-19 21:57:05,380 - INFO - Document uploaded for customer dfdf: dfdfd
2024-05-19 21:58:07,958 - INFO - New customer created - Name: fdf
2024-05-19 21:58:10,895 - INFO - Document uploaded for customer fdf: fdfdf
2024-05-19 21:59:57,814 - INFO - New customer created - Name: dsdfs
2024-05-19 22:00:01,109 - INFO - Document uploaded for customer dsdfs: d
